#
# A fatal error has been detected by the Java Runtime Environment:
#
#  Internal Error (classFileParser.cpp:3494), pid=4804, tid=4100
#  Error: ShouldNotReachHere()
#
# JRE version: 6.0_37-b06
# Java VM: Java HotSpot(TM) Client VM (20.12-b01 mixed mode windows-x86 )
# If you would like to submit a bug report, please visit:
#   http://java.sun.com/webapps/bugreport/crash.jsp
#

---------------  T H R E A D  ---------------

Current thread (0x011c9000):  JavaThread "Unknown thread" [_thread_in_vm, id=4100, stack(0x00340000,0x00390000)]

Stack: [0x00340000,0x00390000],  sp=0x0038f86c,  free space=318k
Native frames: (J=compiled Java code, j=interpreted, Vv=VM code, C=native code)
V  [jvm.dll+0x13471a]
V  [jvm.dll+0x12f20b]
V  [jvm.dll+0x167de]
V  [jvm.dll+0x1802f]
V  [jvm.dll+0x275a5]
V  [jvm.dll+0x27de6]
V  [jvm.dll+0x28195]
V  [jvm.dll+0x28229]
V  [jvm.dll+0x282ec]
V  [jvm.dll+0x2836a]
V  [jvm.dll+0x2844d]
V  [jvm.dll+0x28719]
V  [jvm.dll+0x6ce03]
V  [jvm.dll+0x6d1dc]
V  [jvm.dll+0xfa6dc]
V  [jvm.dll+0x11902b]
V  [jvm.dll+0x9f4e0]
C  [javaw.exe+0x1657]
C  [javaw.exe+0x1e2c]
C  [javaw.exe+0x8614]
C  [kernel32.dll+0x51114]  BaseThreadInitThunk+0x12
C  [ntdll.dll+0x5b299]  RtlInitializeExceptionChain+0x63
C  [ntdll.dll+0x5b26c]  RtlInitializeExceptionChain+0x36


---------------  P R O C E S S  ---------------

Java Threads: ( => current thread )

Other Threads:

=>0x011c9000 (exited) JavaThread "Unknown thread" [_thread_in_vm, id=4100, stack(0x00340000,0x00390000)]

VM state:not at safepoint (not fully initialized)

VM Mutex/Monitor currently owned by a thread: None

Dynamic libraries:
0x00400000 - 0x00425000 	C:\Program Files\Java\jre6\bin\javaw.exe
0x76e70000 - 0x76fac000 	C:\Windows\SYSTEM32\ntdll.dll
0x76cf0000 - 0x76dc4000 	C:\Windows\system32\kernel32.dll
0x752a0000 - 0x752ea000 	C:\Windows\system32\KERNELBASE.dll
0x76dd0000 - 0x76e70000 	C:\Windows\system32\ADVAPI32.dll
0x76c40000 - 0x76cec000 	C:\Windows\system32\msvcrt.dll
0x75730000 - 0x75749000 	C:\Windows\SYSTEM32\sechost.dll
0x76b90000 - 0x76c31000 	C:\Windows\system32\RPCRT4.dll
0x75750000 - 0x75819000 	C:\Windows\system32\USER32.dll
0x75ab0000 - 0x75afe000 	C:\Windows\system32\GDI32.dll
0x75aa0000 - 0x75aaa000 	C:\Windows\system32\LPK.dll
0x76950000 - 0x769ed000 	C:\Windows\system32\USP10.dll
0x76930000 - 0x7694f000 	C:\Windows\system32\IMM32.DLL
0x75310000 - 0x753dc000 	C:\Windows\system32\MSCTF.dll
0x7c340000 - 0x7c396000 	C:\Program Files\Java\jre6\bin\msvcr71.dll
0x6d7f0000 - 0x6daa0000 	C:\Program Files\Java\jre6\bin\client\jvm.dll
0x734d0000 - 0x73502000 	C:\Windows\system32\WINMM.dll
0x74f40000 - 0x74f8b000 	C:\Windows\system32\apphelp.dll
0x6d7a0000 - 0x6d7ac000 	C:\Program Files\Java\jre6\bin\verify.dll
0x6d320000 - 0x6d33f000 	C:\Program Files\Java\jre6\bin\java.dll
0x6d7e0000 - 0x6d7ef000 	C:\Program Files\Java\jre6\bin\zip.dll
0x75b00000 - 0x75b05000 	C:\Windows\system32\PSAPI.DLL

VM Arguments:
jvm_args: -Dfile.encoding=GBK -Xbootclasspath:C:\Program Files\Android\android-sdk\platforms\android-16\android.jar 
java_command: fm.moe.luhuan.components.MoeApiBuiler
Launcher Type: SUN_STANDARD

Environment Variables:
JAVA_HOME=D:\soft\jdk1.6
CLASSPATH=D:\soft\jdk1.6\lib\dt.jar;D:\soft\jdk1.6\lib\tools.jar
PATH=C:/Program Files/Java/jre6/bin/client;C:/Program Files/Java/jre6/bin;C:/Program Files/Java/jre6/lib/i386;C:\Windows\system32;C:\Windows;C:\Windows\System32\Wbem;C:\Windows\System32\WindowsPowerShell\v1.0\;D:\soft\jdk1.6\bin;D:\soft\svn\bin;D:\soft\oralce_client10\bin;D:\soft\apache-maven-3.0.2-bin\apache-maven-3.0.2\bin;C:\Program Files\nodejs\;D:\AdobeAIRSDK\bin;C:\Program Files\Android\android-sdk\platform-tools;D:\soft\apache-ant-1.8.4\bin;c:\Python27;C:\Program Files\Common Files\Adobe\AGL;D:\soft\jdk1.6\bin;D:\soft\jdk1.6\jre\bin;C:\Users\pc\AppData\Roaming\npm\;D:\eclipse;
USERNAME=pc
OS=Windows_NT
PROCESSOR_IDENTIFIER=x86 Family 6 Model 42 Stepping 7, GenuineIntel



---------------  S Y S T E M  ---------------

OS: Windows 7 Build 7600 

CPU:total 4 (2 cores per cpu, 2 threads per core) family 6 model 42 stepping 7, cmov, cx8, fxsr, mmx, sse, sse2, sse3, ssse3, sse4.1, sse4.2, popcnt, ht

Memory: 4k page, physical 3058312k(963412k free), swap 6114860k(3561664k free)

vm_info: Java HotSpot(TM) Client VM (20.12-b01) for windows-x86 JRE (1.6.0_37-b06), built on Sep 24 2012 12:44:35 by "java_re" with MS VC++ 7.1 (VS2003)

time: Fri Nov 30 10:01:59 2012
elapsed time: 0 seconds

